ARM GAS  C:\Users\dzhao\AppData\Local\Temp\ccwZ5stu.s 			page 1


   1              		.cpu cortex-m4
   2              		.arch armv7e-m
   3              		.fpu fpv4-sp-d16
   4              		.eabi_attribute 27, 1
   5              		.eabi_attribute 28, 1
   6              		.eabi_attribute 20, 1
   7              		.eabi_attribute 21, 1
   8              		.eabi_attribute 23, 3
   9              		.eabi_attribute 24, 1
  10              		.eabi_attribute 25, 1
  11              		.eabi_attribute 26, 1
  12              		.eabi_attribute 30, 1
  13              		.eabi_attribute 34, 1
  14              		.eabi_attribute 18, 4
  15              		.file	"main.c"
  16              		.text
  17              	.Ltext0:
  18              		.cfi_sections	.debug_frame
  19              		.file 1 "Core/Src/main.c"
  20              		.section	.text.delay,"ax",%progbits
  21              		.align	1
  22              		.global	delay
  23              		.syntax unified
  24              		.thumb
  25              		.thumb_func
  27              	delay:
  28              	.LVL0:
  29              	.LFB130:
   1:Core/Src/main.c **** #include "init.h"
   2:Core/Src/main.c **** #include "../../CMSIS/Devices/STM32F4xx/Inc/stm32f4xx.h"
   3:Core/Src/main.c **** 
   4:Core/Src/main.c **** // ÂÖ®Â±ÄÂèòÈáè - Áî®‰∫éSTM32ViewerËßÇÂØü
   5:Core/Src/main.c **** volatile uint8_t led_count = 1;         // ÁÇπ‰∫ÆÁöÑLEDÊï∞Èáè (1->2->3->1 Âæ™ÁéØ)
   6:Core/Src/main.c **** volatile uint8_t current_led = 0;       // ÂΩìÂâçÁÇπ‰∫ÆÁöÑLEDÁ¥¢Âºï
   7:Core/Src/main.c **** volatile uint8_t led_initialized = 0;   // LEDÊòØÂê¶Â∑≤ÂàùÂßãÂåñÊòæÁ§∫ÁöÑÊ†áÂøó
   8:Core/Src/main.c **** volatile uint8_t button1_state = 0;     // PC13ÊåâÈîÆÁä∂ÊÄÅÔºàÁî®‰∫éËßÇÂØüÔºâ
   9:Core/Src/main.c **** volatile uint8_t button2_state = 0;     // PC6ÊåâÈîÆÁä∂ÊÄÅÔºàÁî®‰∫éËßÇÂØüÔºâ
  10:Core/Src/main.c **** volatile uint8_t led_mode = 0;          // ÂΩìÂâçLEDÊ®°ÂºèÔºö0=ÂçïÁÅØ,1=ÂèåÁÅØ,2=‰∏âÁÅØ
  11:Core/Src/main.c **** volatile uint32_t button1_press_count = 0;  // PC13ÊåâÈîÆÊåâ‰∏ãÊ¨°Êï∞ÁªüËÆ°
  12:Core/Src/main.c **** volatile uint32_t button2_press_count = 0;  // PC6ÊåâÈîÆÊåâ‰∏ãÊ¨°Êï∞ÁªüËÆ°
  13:Core/Src/main.c **** volatile uint8_t led_brightness[3] = {0, 0, 0};  // ‰∏â‰∏™LEDÁöÑ‰∫ÆÂ∫¶Áä∂ÊÄÅÔºö0=ÁÅ≠,1=‰∫Æ
  14:Core/Src/main.c **** volatile uint32_t system_ticks = 0;     // Á≥ªÁªüËøêË°åËÆ°Êï∞Âô®
  15:Core/Src/main.c **** 
  16:Core/Src/main.c **** // LEDÁä∂ÊÄÅÊï∞ÁªÑ - ÊåâÁÖß PB14, PB7, PB0 ÁöÑÈ°∫Â∫è
  17:Core/Src/main.c **** const uint32_t led_states[] = {LED1_ON, LED2_ON, LED3_ON};
  18:Core/Src/main.c **** const uint32_t led_off_states[] = {LED1_OFF, LED2_OFF, LED3_OFF};
  19:Core/Src/main.c **** 
  20:Core/Src/main.c **** void delay(volatile uint32_t s) {
  30              		.loc 1 20 33 view -0
  31              		.cfi_startproc
  32              		@ args = 0, pretend = 0, frame = 8
  33              		@ frame_needed = 0, uses_anonymous_args = 0
  34              		@ link register save eliminated.
  35              		.loc 1 20 33 is_stmt 0 view .LVU1
  36 0000 82B0     		sub	sp, sp, #8
  37              	.LCFI0:
  38              		.cfi_def_cfa_offset 8
ARM GAS  C:\Users\dzhao\AppData\Local\Temp\ccwZ5stu.s 			page 2


  39 0002 0190     		str	r0, [sp, #4]
  21:Core/Src/main.c ****     while (s--) {
  40              		.loc 1 21 5 is_stmt 1 view .LVU2
  41              		.loc 1 21 11 is_stmt 0 view .LVU3
  42 0004 03E0     		b	.L2
  43              	.L3:
  22:Core/Src/main.c ****         system_ticks++;  // Âú®Âª∂Êó∂‰∏≠ËÆ°Êï∞ÔºåÁî®‰∫éËßÇÂØüÁ≥ªÁªüËøêË°åÁä∂ÊÄÅ
  44              		.loc 1 22 9 is_stmt 1 view .LVU4
  45              		.loc 1 22 21 is_stmt 0 view .LVU5
  46 0006 054A     		ldr	r2, .L5
  47 0008 1368     		ldr	r3, [r2]
  48 000a 0133     		adds	r3, r3, #1
  49 000c 1360     		str	r3, [r2]
  50              	.L2:
  21:Core/Src/main.c ****     while (s--) {
  51              		.loc 1 21 12 is_stmt 1 view .LVU6
  21:Core/Src/main.c ****     while (s--) {
  52              		.loc 1 21 13 is_stmt 0 view .LVU7
  53 000e 019B     		ldr	r3, [sp, #4]
  54 0010 5A1E     		subs	r2, r3, #1
  55 0012 0192     		str	r2, [sp, #4]
  21:Core/Src/main.c ****     while (s--) {
  56              		.loc 1 21 12 view .LVU8
  57 0014 002B     		cmp	r3, #0
  58 0016 F6D1     		bne	.L3
  23:Core/Src/main.c ****     }
  24:Core/Src/main.c **** }
  59              		.loc 1 24 1 view .LVU9
  60 0018 02B0     		add	sp, sp, #8
  61              	.LCFI1:
  62              		.cfi_def_cfa_offset 0
  63              		@ sp needed
  64 001a 7047     		bx	lr
  65              	.L6:
  66              		.align	2
  67              	.L5:
  68 001c 00000000 		.word	system_ticks
  69              		.cfi_endproc
  70              	.LFE130:
  72              		.section	.text.update_leds,"ax",%progbits
  73              		.align	1
  74              		.global	update_leds
  75              		.syntax unified
  76              		.thumb
  77              		.thumb_func
  79              	update_leds:
  80              	.LVL1:
  81              	.LFB132:
  25:Core/Src/main.c **** 
  26:Core/Src/main.c **** void update_leds(uint8_t led_index, uint8_t count);
  27:Core/Src/main.c **** void update_led_brightness_array(uint8_t led_index, uint8_t count);
  28:Core/Src/main.c **** 
  29:Core/Src/main.c **** int main() {
  30:Core/Src/main.c ****     // ÂàùÂßãÂåñGPIO
  31:Core/Src/main.c ****     GPIO_Ini_Self_Def();   // Ë∞ÉÁî®Ëá™ÂÆö‰πâÁöÑGPIOÂàùÂßãÂåñÂáΩÊï∞
  32:Core/Src/main.c ****     GPIO_Ini_CMSIS();      // Ë∞ÉÁî®Âü∫‰∫éCMSISÂ∫ìÁöÑGPIOÂàùÂßãÂåñÂáΩÊï∞
  33:Core/Src/main.c **** 
ARM GAS  C:\Users\dzhao\AppData\Local\Temp\ccwZ5stu.s 			page 3


  34:Core/Src/main.c ****     uint8_t button1_pressed = 0;  // PC13ÊåâÈîÆ‰∏¥Êó∂Áä∂ÊÄÅ
  35:Core/Src/main.c ****     uint8_t button2_pressed = 0;  // PC6ÊåâÈîÆ‰∏¥Êó∂Áä∂ÊÄÅ
  36:Core/Src/main.c **** 
  37:Core/Src/main.c ****     // ÂàùÂßãÁä∂ÊÄÅÔºöÂÖ≥Èó≠ÊâÄÊúâLED
  38:Core/Src/main.c ****     GPIOB->BSRR = LED1_OFF | LED2_OFF | LED3_OFF;
  39:Core/Src/main.c ****     // ÂàùÂßãÂåñLED‰∫ÆÂ∫¶Êï∞ÁªÑ
  40:Core/Src/main.c ****     update_led_brightness_array(current_led, led_count);
  41:Core/Src/main.c **** 
  42:Core/Src/main.c ****     while (1) {
  43:Core/Src/main.c ****         // Êõ¥Êñ∞ÊåâÈîÆÁä∂ÊÄÅÁî®‰∫éËßÇÂØü
  44:Core/Src/main.c ****         button1_state = (GPIOC->IDR & GPIO_IDR_ID13) ? 1 : 0;
  45:Core/Src/main.c ****         button2_state = (GPIOC->IDR & GPIO_IDR_ID6) ? 0 : 1;  // ÂÜÖÈÉ®‰∏äÊãâÔºåÊåâ‰∏ã‰∏∫‰ΩéÁîµÂπ≥
  46:Core/Src/main.c **** 
  47:Core/Src/main.c ****         // ========== ÊåâÈíÆ1ÈÄªËæëÔºàPC13 - Â§ñÈÉ®‰∏ãÊãâÔºåÊåâ‰∏ãÊó∂‰∏∫È´òÁîµÂπ≥Ôºâ==========
  48:Core/Src/main.c ****         if (GPIOC->IDR & GPIO_IDR_ID13) {
  49:Core/Src/main.c ****             if (!button1_pressed) {
  50:Core/Src/main.c ****                 button1_pressed = 1;  // Ê†áËÆ∞ÊåâÈîÆ‰∏∫Êåâ‰∏ãÁä∂ÊÄÅ
  51:Core/Src/main.c ****                 button1_press_count++;  // Â¢ûÂä†ÊåâÈîÆÊåâ‰∏ãËÆ°Êï∞
  52:Core/Src/main.c ****                 
  53:Core/Src/main.c ****                 // ËÆæÁΩÆLEDÂ∑≤ÂàùÂßãÂåñÊ†áÂøó
  54:Core/Src/main.c ****                 led_initialized = 1;
  55:Core/Src/main.c ****                 
  56:Core/Src/main.c ****                 // Ê†πÊçÆÂΩìÂâçLEDÊï∞ÈáèÊ®°ÂºèËøõË°å‰∏çÂêåÁöÑÂàáÊç¢Êìç‰Ωú
  57:Core/Src/main.c ****                 if (led_count == 1) {
  58:Core/Src/main.c ****                     // ÂçïÁÅØÊ®°ÂºèÔºö‰æùÊ¨°ÁÇπ‰∫Æ‰∏Ä‰∏™LED
  59:Core/Src/main.c ****                     current_led = (current_led + 1) % 3;
  60:Core/Src/main.c ****                     update_leds(current_led, 1);
  61:Core/Src/main.c ****                     led_mode = 0;  // ÂçïÁÅØÊ®°Âºè
  62:Core/Src/main.c ****                 } else if (led_count == 2) {
  63:Core/Src/main.c ****                     // ÂèåÁÅØÊ®°ÂºèÔºö‰æùÊ¨°ÁÇπ‰∫Æ‰∏§‰∏™LED
  64:Core/Src/main.c ****                     current_led = (current_led + 1) % 3;
  65:Core/Src/main.c ****                     update_leds(current_led, 2);
  66:Core/Src/main.c ****                     led_mode = 1;  // ÂèåÁÅØÊ®°Âºè
  67:Core/Src/main.c ****                 } else if (led_count == 3) {
  68:Core/Src/main.c ****                     // ‰∏âÁÅØÊ®°ÂºèÔºöÂàáÊç¢ÊâÄÊúâLEDÁöÑÂºÄÂÖ≥Áä∂ÊÄÅ
  69:Core/Src/main.c ****                     static uint8_t all_on = 0;
  70:Core/Src/main.c ****                     all_on = !all_on;
  71:Core/Src/main.c ****                     if (all_on) {
  72:Core/Src/main.c ****                         GPIOB->BSRR = LED1_ON | LED2_ON | LED3_ON;
  73:Core/Src/main.c ****                         // Êõ¥Êñ∞‰∫ÆÂ∫¶Êï∞ÁªÑ - ÂÖ®ÈÉ®ÁÇπ‰∫Æ
  74:Core/Src/main.c ****                         for(int i = 0; i < 3; i++) {
  75:Core/Src/main.c ****                             led_brightness[i] = 1;
  76:Core/Src/main.c ****                         }
  77:Core/Src/main.c ****                     } else {
  78:Core/Src/main.c ****                         GPIOB->BSRR = LED1_OFF | LED2_OFF | LED3_OFF;
  79:Core/Src/main.c ****                         // Êõ¥Êñ∞‰∫ÆÂ∫¶Êï∞ÁªÑ - ÂÖ®ÈÉ®ÁÜÑÁÅ≠
  80:Core/Src/main.c ****                         for(int i = 0; i < 3; i++) {
  81:Core/Src/main.c ****                             led_brightness[i] = 0;
  82:Core/Src/main.c ****                         }
  83:Core/Src/main.c ****                     }
  84:Core/Src/main.c ****                     led_mode = 2;  // ‰∏âÁÅØÊ®°Âºè
  85:Core/Src/main.c ****                 }
  86:Core/Src/main.c ****                 
  87:Core/Src/main.c ****                 // Êõ¥Êñ∞LED‰∫ÆÂ∫¶Áä∂ÊÄÅÊï∞ÁªÑ
  88:Core/Src/main.c ****                 update_led_brightness_array(current_led, led_count);
  89:Core/Src/main.c ****             }
  90:Core/Src/main.c ****         } else {
ARM GAS  C:\Users\dzhao\AppData\Local\Temp\ccwZ5stu.s 			page 4


  91:Core/Src/main.c ****             button1_pressed = 0;
  92:Core/Src/main.c ****         }
  93:Core/Src/main.c **** 
  94:Core/Src/main.c ****         // ========== ÊåâÈíÆ2ÈÄªËæëÔºàPC6 - ÂÜÖÈÉ®‰∏äÊãâÔºåÊåâ‰∏ãÊó∂‰∏∫‰ΩéÁîµÂπ≥Ôºâ==========
  95:Core/Src/main.c ****         if (!(GPIOC->IDR & GPIO_IDR_ID6)) {
  96:Core/Src/main.c ****             if (!button2_pressed) {
  97:Core/Src/main.c ****                 button2_pressed = 1;
  98:Core/Src/main.c ****                 button2_press_count++;  // Â¢ûÂä†ÊåâÈîÆÊåâ‰∏ãËÆ°Êï∞
  99:Core/Src/main.c ****                 
 100:Core/Src/main.c ****                 // ÂàáÊç¢LEDÊï∞ÈáèÊ®°Âºè (1->2->3->1 Âæ™ÁéØ)
 101:Core/Src/main.c ****                 led_count = (led_count % 3) + 1;
 102:Core/Src/main.c ****                 current_led = 0;  // ÈáçÁΩÆÂà∞Á¨¨‰∏Ä‰∏™LED
 103:Core/Src/main.c ****                 led_initialized = 0;  // ÈáçÁΩÆÂàùÂßãÂåñÊ†áÂøó
 104:Core/Src/main.c ****                 
 105:Core/Src/main.c ****                 // Êõ¥Êñ∞Ê®°ÂºèÊ†áËØÜ
 106:Core/Src/main.c ****                 if (led_count == 1) led_mode = 0;
 107:Core/Src/main.c ****                 else if (led_count == 2) led_mode = 1;
 108:Core/Src/main.c ****                 else if (led_count == 3) led_mode = 2;
 109:Core/Src/main.c ****                 
 110:Core/Src/main.c ****                 // Ê†πÊçÆÊñ∞Ê®°ÂºèÊõ¥Êñ∞LEDÊòæÁ§∫
 111:Core/Src/main.c ****                 if (led_count == 3) {
 112:Core/Src/main.c ****                     // ‰∏âÁÅØÊ®°ÂºèÔºöÂàùÂßãÁä∂ÊÄÅ‰∏∫ÂÖ®ÁÅ≠
 113:Core/Src/main.c ****                     GPIOB->BSRR = LED1_OFF | LED2_OFF | LED3_OFF;
 114:Core/Src/main.c ****                     // Êõ¥Êñ∞‰∫ÆÂ∫¶Êï∞ÁªÑ
 115:Core/Src/main.c ****                     for(int i = 0; i < 3; i++) {
 116:Core/Src/main.c ****                         led_brightness[i] = 0;
 117:Core/Src/main.c ****                     }
 118:Core/Src/main.c ****                 } else {
 119:Core/Src/main.c ****                     // ÂçïÁÅØÊàñÂèåÁÅØÊ®°ÂºèÔºöÂàùÂßãÁä∂ÊÄÅ‰∏∫ÂÖ®ÁÅ≠ÔºåÁ≠âÂæÖPC13ÊåâÈîÆÊåâ‰∏ã
 120:Core/Src/main.c ****                     GPIOB->BSRR = LED1_OFF | LED2_OFF | LED3_OFF;
 121:Core/Src/main.c ****                     // Êõ¥Êñ∞‰∫ÆÂ∫¶Êï∞ÁªÑ
 122:Core/Src/main.c ****                     for(int i = 0; i < 3; i++) {
 123:Core/Src/main.c ****                         led_brightness[i] = 0;
 124:Core/Src/main.c ****                     }
 125:Core/Src/main.c ****                 }
 126:Core/Src/main.c ****             }
 127:Core/Src/main.c ****         } else {
 128:Core/Src/main.c ****             button2_pressed = 0;
 129:Core/Src/main.c ****         }
 130:Core/Src/main.c **** 
 131:Core/Src/main.c ****         // ========== ÂèåÁÅØÊ®°ÂºèÁâπÊÆäÂ§ÑÁêÜÔºöÂ¶ÇÊûúÊú™ÂàùÂßãÂåñ‰∏îÊòØÂèåÁÅØÊ®°ÂºèÔºå‰øùÊåÅÁÜÑÁÅ
 132:Core/Src/main.c ****         if (led_count == 2 && !led_initialized) {
 133:Core/Src/main.c ****             // ‰øùÊåÅÊâÄÊúâLEDÁÜÑÁÅ≠Áä∂ÊÄÅÔºåÁ≠âÂæÖPC13ÊåâÈîÆÊåâ‰∏ã
 134:Core/Src/main.c ****             GPIOB->BSRR = LED1_OFF | LED2_OFF | LED3_OFF;
 135:Core/Src/main.c ****             // Êõ¥Êñ∞‰∫ÆÂ∫¶Êï∞ÁªÑ
 136:Core/Src/main.c ****             for(int i = 0; i < 3; i++) {
 137:Core/Src/main.c ****                 led_brightness[i] = 0;
 138:Core/Src/main.c ****             }
 139:Core/Src/main.c ****         }
 140:Core/Src/main.c **** 
 141:Core/Src/main.c ****         system_ticks++;  // Â¢ûÂä†Á≥ªÁªüËøêË°åËÆ°Êï∞
 142:Core/Src/main.c ****         delay(100000);   // ÂéªÊäñÂª∂Êó∂
 143:Core/Src/main.c ****     }
 144:Core/Src/main.c **** }
 145:Core/Src/main.c **** 
 146:Core/Src/main.c **** // Êõ¥Êñ∞LEDÁä∂ÊÄÅÁöÑÂáΩÊï∞
 147:Core/Src/main.c **** void update_leds(uint8_t led_index, uint8_t count) {
ARM GAS  C:\Users\dzhao\AppData\Local\Temp\ccwZ5stu.s 			page 5


  82              		.loc 1 147 52 is_stmt 1 view -0
  83              		.cfi_startproc
  84              		@ args = 0, pretend = 0, frame = 0
  85              		@ frame_needed = 0, uses_anonymous_args = 0
  86              		@ link register save eliminated.
 148:Core/Src/main.c ****     // ÂÖ≥Èó≠ÊâÄÊúâLED
 149:Core/Src/main.c ****     GPIOB->BSRR = LED1_OFF | LED2_OFF | LED3_OFF;
  87              		.loc 1 149 5 view .LVU11
  88              		.loc 1 149 17 is_stmt 0 view .LVU12
  89 0000 114B     		ldr	r3, .L17
  90 0002 124A     		ldr	r2, .L17+4
  91 0004 9A61     		str	r2, [r3, #24]
 150:Core/Src/main.c **** 
 151:Core/Src/main.c ****     // Â¶ÇÊûúLEDÂ∑≤ÁªèÂàùÂßãÂåñÔºàÂç≥PC13ÊåâÈîÆÂ∑≤Êåâ‰∏ãËøáÔºâÔºåÂàôÁÇπ‰∫ÆLED
 152:Core/Src/main.c ****     if (led_initialized) {
  92              		.loc 1 152 5 is_stmt 1 view .LVU13
  93              		.loc 1 152 9 is_stmt 0 view .LVU14
  94 0006 124B     		ldr	r3, .L17+8
  95 0008 1B78     		ldrb	r3, [r3]	@ zero_extendqisi2
  96              		.loc 1 152 8 view .LVU15
  97 000a 03B9     		cbnz	r3, .L11
  98              	.LBB2:
  99 000c 7047     		bx	lr
 100              	.L11:
 153:Core/Src/main.c ****         // ÁÇπ‰∫ÆÊåáÂÆöÊï∞ÈáèÁöÑLEDÔºàÊåâÁÖß PB14, PB7, PB0 ÁöÑÈ°∫Â∫èÂæ™ÁéØÔºâ
 154:Core/Src/main.c ****         for (uint8_t i = 0; i < count; i++) {
 101              		.loc 1 154 22 view .LVU16
 102 000e 0022     		movs	r2, #0
 103              	.LVL2:
 104              		.loc 1 154 31 is_stmt 1 discriminator 1 view .LVU17
 105 0010 8A42     		cmp	r2, r1
 106 0012 18D2     		bcs	.L16
 107              	.LBE2:
 147:Core/Src/main.c ****     // ÂÖ≥Èó≠ÊâÄÊúâLED
 108              		.loc 1 147 52 is_stmt 0 view .LVU18
 109 0014 10B4     		push	{r4}
 110              	.LCFI2:
 111              		.cfi_def_cfa_offset 4
 112              		.cfi_offset 4, -4
 113              	.L10:
 114              	.LBB4:
 115              	.LBB3:
 155:Core/Src/main.c ****             uint8_t index = (led_index + i) % 3;
 116              		.loc 1 155 13 is_stmt 1 view .LVU19
 117              		.loc 1 155 40 is_stmt 0 view .LVU20
 118 0016 00EB020C 		add	ip, r0, r2
 119              		.loc 1 155 45 view .LVU21
 120 001a 0E4B     		ldr	r3, .L17+12
 121 001c 83FB0C43 		smull	r4, r3, r3, ip
 122 0020 A3EBEC73 		sub	r3, r3, ip, asr #31
 123 0024 03EB4303 		add	r3, r3, r3, lsl #1
 124 0028 ACEB0303 		sub	r3, ip, r3
 125              	.LVL3:
 156:Core/Src/main.c ****             GPIOB->BSRR = led_states[index];
 126              		.loc 1 156 13 is_stmt 1 view .LVU22
 127              		.loc 1 156 37 is_stmt 0 view .LVU23
 128 002c DBB2     		uxtb	r3, r3
ARM GAS  C:\Users\dzhao\AppData\Local\Temp\ccwZ5stu.s 			page 6


 129              		.loc 1 156 37 view .LVU24
 130 002e 0A4C     		ldr	r4, .L17+16
 131 0030 54F82340 		ldr	r4, [r4, r3, lsl #2]
 132              		.loc 1 156 25 view .LVU25
 133 0034 044B     		ldr	r3, .L17
 134              	.LVL4:
 135              		.loc 1 156 25 view .LVU26
 136 0036 9C61     		str	r4, [r3, #24]
 137              	.LBE3:
 154:Core/Src/main.c ****             uint8_t index = (led_index + i) % 3;
 138              		.loc 1 154 41 is_stmt 1 discriminator 3 view .LVU27
 139 0038 0132     		adds	r2, r2, #1
 140              	.LVL5:
 154:Core/Src/main.c ****             uint8_t index = (led_index + i) % 3;
 141              		.loc 1 154 41 is_stmt 0 discriminator 3 view .LVU28
 142 003a D2B2     		uxtb	r2, r2
 143              	.LVL6:
 154:Core/Src/main.c ****             uint8_t index = (led_index + i) % 3;
 144              		.loc 1 154 31 is_stmt 1 discriminator 1 view .LVU29
 145 003c 8A42     		cmp	r2, r1
 146 003e EAD3     		bcc	.L10
 147              	.LBE4:
 157:Core/Src/main.c ****         }
 158:Core/Src/main.c ****     }
 159:Core/Src/main.c **** }
 148              		.loc 1 159 1 is_stmt 0 view .LVU30
 149 0040 5DF8044B 		ldr	r4, [sp], #4
 150              	.LCFI3:
 151              		.cfi_restore 4
 152              		.cfi_def_cfa_offset 0
 153 0044 7047     		bx	lr
 154              	.LVL7:
 155              	.L16:
 156              		.loc 1 159 1 view .LVU31
 157 0046 7047     		bx	lr
 158              	.L18:
 159              		.align	2
 160              	.L17:
 161 0048 00040240 		.word	1073873920
 162 004c 00008140 		.word	1082195968
 163 0050 00000000 		.word	led_initialized
 164 0054 56555555 		.word	1431655766
 165 0058 00000000 		.word	led_states
 166              		.cfi_endproc
 167              	.LFE132:
 169              		.section	.text.update_led_brightness_array,"ax",%progbits
 170              		.align	1
 171              		.global	update_led_brightness_array
 172              		.syntax unified
 173              		.thumb
 174              		.thumb_func
 176              	update_led_brightness_array:
 177              	.LVL8:
 178              	.LFB133:
 160:Core/Src/main.c **** 
 161:Core/Src/main.c **** // Êõ¥Êñ∞LED‰∫ÆÂ∫¶Áä∂ÊÄÅÊï∞ÁªÑÁöÑÂáΩÊï∞
 162:Core/Src/main.c **** void update_led_brightness_array(uint8_t led_index, uint8_t count) {
ARM GAS  C:\Users\dzhao\AppData\Local\Temp\ccwZ5stu.s 			page 7


 179              		.loc 1 162 68 is_stmt 1 view -0
 180              		.cfi_startproc
 181              		@ args = 0, pretend = 0, frame = 0
 182              		@ frame_needed = 0, uses_anonymous_args = 0
 183              		@ link register save eliminated.
 184              		.loc 1 162 68 is_stmt 0 view .LVU33
 185 0000 10B4     		push	{r4}
 186              	.LCFI4:
 187              		.cfi_def_cfa_offset 4
 188              		.cfi_offset 4, -4
 163:Core/Src/main.c ****     // ÂÖàÈáçÁΩÆÊâÄÊúâLEDÁä∂ÊÄÅ‰∏∫0ÔºàÁÜÑÁÅ≠Ôºâ
 164:Core/Src/main.c ****     for(int i = 0; i < 3; i++) {
 189              		.loc 1 164 5 is_stmt 1 view .LVU34
 190              	.LBB5:
 191              		.loc 1 164 9 view .LVU35
 192              	.LVL9:
 193              		.loc 1 164 13 is_stmt 0 view .LVU36
 194 0002 0023     		movs	r3, #0
 195              		.loc 1 164 5 view .LVU37
 196 0004 03E0     		b	.L20
 197              	.LVL10:
 198              	.L21:
 165:Core/Src/main.c ****         led_brightness[i] = 0;
 199              		.loc 1 165 9 is_stmt 1 view .LVU38
 200              		.loc 1 165 27 is_stmt 0 view .LVU39
 201 0006 124A     		ldr	r2, .L27
 202 0008 0024     		movs	r4, #0
 203 000a D454     		strb	r4, [r2, r3]
 164:Core/Src/main.c ****         led_brightness[i] = 0;
 204              		.loc 1 164 28 is_stmt 1 discriminator 3 view .LVU40
 205 000c 0133     		adds	r3, r3, #1
 206              	.LVL11:
 207              	.L20:
 164:Core/Src/main.c ****         led_brightness[i] = 0;
 208              		.loc 1 164 22 discriminator 1 view .LVU41
 209 000e 022B     		cmp	r3, #2
 210 0010 F9DD     		ble	.L21
 211              	.LBE5:
 166:Core/Src/main.c ****     }
 167:Core/Src/main.c ****     
 168:Core/Src/main.c ****     // Â¶ÇÊûúLEDÂ∑≤ÁªèÂàùÂßãÂåñÔºåÂàôËÆæÁΩÆÂØπÂ∫îÁöÑ‰∫ÆÂ∫¶Áä∂ÊÄÅ
 169:Core/Src/main.c ****     if (led_initialized) {
 212              		.loc 1 169 5 view .LVU42
 213              		.loc 1 169 9 is_stmt 0 view .LVU43
 214 0012 104B     		ldr	r3, .L27+4
 215              	.LVL12:
 216              		.loc 1 169 9 view .LVU44
 217 0014 1B78     		ldrb	r3, [r3]	@ zero_extendqisi2
 218              		.loc 1 169 8 view .LVU45
 219 0016 C3B9     		cbnz	r3, .L25
 220              	.L19:
 170:Core/Src/main.c ****         for (uint8_t i = 0; i < count; i++) {
 171:Core/Src/main.c ****             uint8_t index = (led_index + i) % 3;
 172:Core/Src/main.c ****             led_brightness[index] = 1;  // ËÆæÁΩÆ‰∏∫1ÔºàÁÇπ‰∫ÆÔºâ
 173:Core/Src/main.c ****         }
 174:Core/Src/main.c ****     }
 175:Core/Src/main.c **** }
ARM GAS  C:\Users\dzhao\AppData\Local\Temp\ccwZ5stu.s 			page 8


 221              		.loc 1 175 1 view .LVU46
 222 0018 5DF8044B 		ldr	r4, [sp], #4
 223              	.LCFI5:
 224              		.cfi_remember_state
 225              		.cfi_restore 4
 226              		.cfi_def_cfa_offset 0
 227 001c 7047     		bx	lr
 228              	.LVL13:
 229              	.L24:
 230              	.LCFI6:
 231              		.cfi_restore_state
 232              	.LBB6:
 233              	.LBB7:
 171:Core/Src/main.c ****             led_brightness[index] = 1;  // ËÆæÁΩÆ‰∏∫1ÔºàÁÇπ‰∫ÆÔºâ
 234              		.loc 1 171 13 is_stmt 1 view .LVU47
 171:Core/Src/main.c ****             led_brightness[index] = 1;  // ËÆæÁΩÆ‰∏∫1ÔºàÁÇπ‰∫ÆÔºâ
 235              		.loc 1 171 40 is_stmt 0 view .LVU48
 236 001e 00EB020C 		add	ip, r0, r2
 171:Core/Src/main.c ****             led_brightness[index] = 1;  // ËÆæÁΩÆ‰∏∫1ÔºàÁÇπ‰∫ÆÔºâ
 237              		.loc 1 171 45 view .LVU49
 238 0022 0D4B     		ldr	r3, .L27+8
 239 0024 83FB0C43 		smull	r4, r3, r3, ip
 240 0028 A3EBEC73 		sub	r3, r3, ip, asr #31
 241 002c 03EB4303 		add	r3, r3, r3, lsl #1
 242 0030 ACEB0303 		sub	r3, ip, r3
 243              	.LVL14:
 172:Core/Src/main.c ****         }
 244              		.loc 1 172 13 is_stmt 1 view .LVU50
 245 0034 DBB2     		uxtb	r3, r3
 172:Core/Src/main.c ****         }
 246              		.loc 1 172 35 is_stmt 0 view .LVU51
 247 0036 064C     		ldr	r4, .L27
 248 0038 4FF0010C 		mov	ip, #1
 249 003c 04F803C0 		strb	ip, [r4, r3]
 250              	.LBE7:
 170:Core/Src/main.c ****         for (uint8_t i = 0; i < count; i++) {
 251              		.loc 1 170 41 is_stmt 1 discriminator 3 view .LVU52
 252 0040 6244     		add	r2, r2, ip
 253              	.LVL15:
 170:Core/Src/main.c ****         for (uint8_t i = 0; i < count; i++) {
 254              		.loc 1 170 41 is_stmt 0 discriminator 3 view .LVU53
 255 0042 D2B2     		uxtb	r2, r2
 256              	.LVL16:
 257              	.L22:
 170:Core/Src/main.c ****         for (uint8_t i = 0; i < count; i++) {
 258              		.loc 1 170 31 is_stmt 1 discriminator 1 view .LVU54
 259 0044 8A42     		cmp	r2, r1
 260 0046 EAD3     		bcc	.L24
 261 0048 E6E7     		b	.L19
 262              	.LVL17:
 263              	.L25:
 170:Core/Src/main.c ****         for (uint8_t i = 0; i < count; i++) {
 264              		.loc 1 170 22 is_stmt 0 view .LVU55
 265 004a 0022     		movs	r2, #0
 266 004c FAE7     		b	.L22
 267              	.L28:
 268 004e 00BF     		.align	2
ARM GAS  C:\Users\dzhao\AppData\Local\Temp\ccwZ5stu.s 			page 9


 269              	.L27:
 270 0050 00000000 		.word	led_brightness
 271 0054 00000000 		.word	led_initialized
 272 0058 56555555 		.word	1431655766
 273              	.LBE6:
 274              		.cfi_endproc
 275              	.LFE133:
 277              		.section	.text.main,"ax",%progbits
 278              		.align	1
 279              		.global	main
 280              		.syntax unified
 281              		.thumb
 282              		.thumb_func
 284              	main:
 285              	.LFB131:
  29:Core/Src/main.c ****     // ÂàùÂßãÂåñGPIO
 286              		.loc 1 29 12 is_stmt 1 view -0
 287              		.cfi_startproc
 288              		@ args = 0, pretend = 0, frame = 0
 289              		@ frame_needed = 0, uses_anonymous_args = 0
 290 0000 38B5     		push	{r3, r4, r5, lr}
 291              	.LCFI7:
 292              		.cfi_def_cfa_offset 16
 293              		.cfi_offset 3, -16
 294              		.cfi_offset 4, -12
 295              		.cfi_offset 5, -8
 296              		.cfi_offset 14, -4
  31:Core/Src/main.c ****     GPIO_Ini_CMSIS();      // Ë∞ÉÁî®Âü∫‰∫éCMSISÂ∫ìÁöÑGPIOÂàùÂßãÂåñÂáΩÊï∞
 297              		.loc 1 31 5 view .LVU57
 298 0002 FFF7FEFF 		bl	GPIO_Ini_Self_Def
 299              	.LVL18:
  32:Core/Src/main.c **** 
 300              		.loc 1 32 5 view .LVU58
 301 0006 FFF7FEFF 		bl	GPIO_Ini_CMSIS
 302              	.LVL19:
  34:Core/Src/main.c ****     uint8_t button2_pressed = 0;  // PC6ÊåâÈîÆ‰∏¥Êó∂Áä∂ÊÄÅ
 303              		.loc 1 34 5 view .LVU59
  35:Core/Src/main.c **** 
 304              		.loc 1 35 5 view .LVU60
  38:Core/Src/main.c ****     // ÂàùÂßãÂåñLED‰∫ÆÂ∫¶Êï∞ÁªÑ
 305              		.loc 1 38 5 view .LVU61
  38:Core/Src/main.c ****     // ÂàùÂßãÂåñLED‰∫ÆÂ∫¶Êï∞ÁªÑ
 306              		.loc 1 38 17 is_stmt 0 view .LVU62
 307 000a 804B     		ldr	r3, .L62
 308 000c 804A     		ldr	r2, .L62+4
 309 000e 9A61     		str	r2, [r3, #24]
  40:Core/Src/main.c **** 
 310              		.loc 1 40 5 is_stmt 1 view .LVU63
 311 0010 804B     		ldr	r3, .L62+8
 312 0012 1878     		ldrb	r0, [r3]	@ zero_extendqisi2
 313 0014 804B     		ldr	r3, .L62+12
 314 0016 1978     		ldrb	r1, [r3]	@ zero_extendqisi2
 315 0018 FFF7FEFF 		bl	update_led_brightness_array
 316              	.LVL20:
  35:Core/Src/main.c **** 
 317              		.loc 1 35 13 is_stmt 0 view .LVU64
 318 001c 0024     		movs	r4, #0
ARM GAS  C:\Users\dzhao\AppData\Local\Temp\ccwZ5stu.s 			page 10


  34:Core/Src/main.c ****     uint8_t button2_pressed = 0;  // PC6ÊåâÈîÆ‰∏¥Êó∂Áä∂ÊÄÅ
 319              		.loc 1 34 13 view .LVU65
 320 001e 2546     		mov	r5, r4
 321 0020 BDE0     		b	.L52
 322              	.LVL21:
 323              	.L59:
  59:Core/Src/main.c ****                     update_leds(current_led, 1);
 324              		.loc 1 59 21 is_stmt 1 view .LVU66
  59:Core/Src/main.c ****                     update_leds(current_led, 1);
 325              		.loc 1 59 48 is_stmt 0 view .LVU67
 326 0022 7C49     		ldr	r1, .L62+8
 327 0024 0A78     		ldrb	r2, [r1]	@ zero_extendqisi2
 328 0026 0132     		adds	r2, r2, #1
  59:Core/Src/main.c ****                     update_leds(current_led, 1);
 329              		.loc 1 59 53 view .LVU68
 330 0028 7C4B     		ldr	r3, .L62+16
 331 002a 83FB0203 		smull	r0, r3, r3, r2
 332 002e 03EB4303 		add	r3, r3, r3, lsl #1
 333 0032 D31A     		subs	r3, r2, r3
  59:Core/Src/main.c ****                     update_leds(current_led, 1);
 334              		.loc 1 59 33 view .LVU69
 335 0034 DBB2     		uxtb	r3, r3
 336 0036 0B70     		strb	r3, [r1]
  60:Core/Src/main.c ****                     led_mode = 0;  // ÂçïÁÅØÊ®°Âºè
 337              		.loc 1 60 21 is_stmt 1 view .LVU70
 338 0038 0878     		ldrb	r0, [r1]	@ zero_extendqisi2
 339 003a 0121     		movs	r1, #1
 340 003c FFF7FEFF 		bl	update_leds
 341              	.LVL22:
  61:Core/Src/main.c ****                 } else if (led_count == 2) {
 342              		.loc 1 61 21 view .LVU71
  61:Core/Src/main.c ****                 } else if (led_count == 2) {
 343              		.loc 1 61 30 is_stmt 0 view .LVU72
 344 0040 774B     		ldr	r3, .L62+20
 345 0042 0022     		movs	r2, #0
 346 0044 1A70     		strb	r2, [r3]
 347 0046 D9E0     		b	.L32
 348              	.L60:
  64:Core/Src/main.c ****                     update_leds(current_led, 2);
 349              		.loc 1 64 21 is_stmt 1 view .LVU73
  64:Core/Src/main.c ****                     update_leds(current_led, 2);
 350              		.loc 1 64 48 is_stmt 0 view .LVU74
 351 0048 7249     		ldr	r1, .L62+8
 352 004a 0A78     		ldrb	r2, [r1]	@ zero_extendqisi2
 353 004c 0132     		adds	r2, r2, #1
  64:Core/Src/main.c ****                     update_leds(current_led, 2);
 354              		.loc 1 64 53 view .LVU75
 355 004e 734B     		ldr	r3, .L62+16
 356 0050 83FB0203 		smull	r0, r3, r3, r2
 357 0054 03EB4303 		add	r3, r3, r3, lsl #1
 358 0058 D31A     		subs	r3, r2, r3
  64:Core/Src/main.c ****                     update_leds(current_led, 2);
 359              		.loc 1 64 33 view .LVU76
 360 005a DBB2     		uxtb	r3, r3
 361 005c 0B70     		strb	r3, [r1]
  65:Core/Src/main.c ****                     led_mode = 1;  // ÂèåÁÅØÊ®°Âºè
 362              		.loc 1 65 21 is_stmt 1 view .LVU77
ARM GAS  C:\Users\dzhao\AppData\Local\Temp\ccwZ5stu.s 			page 11


 363 005e 0878     		ldrb	r0, [r1]	@ zero_extendqisi2
 364 0060 0221     		movs	r1, #2
 365 0062 FFF7FEFF 		bl	update_leds
 366              	.LVL23:
  66:Core/Src/main.c ****                 } else if (led_count == 3) {
 367              		.loc 1 66 21 view .LVU78
  66:Core/Src/main.c ****                 } else if (led_count == 3) {
 368              		.loc 1 66 30 is_stmt 0 view .LVU79
 369 0066 6E4B     		ldr	r3, .L62+20
 370 0068 0122     		movs	r2, #1
 371 006a 1A70     		strb	r2, [r3]
 372 006c C6E0     		b	.L32
 373              	.L61:
 374              	.LBB8:
  69:Core/Src/main.c ****                     all_on = !all_on;
 375              		.loc 1 69 21 is_stmt 1 view .LVU80
  70:Core/Src/main.c ****                     if (all_on) {
 376              		.loc 1 70 21 view .LVU81
  70:Core/Src/main.c ****                     if (all_on) {
 377              		.loc 1 70 30 is_stmt 0 view .LVU82
 378 006e 6D4A     		ldr	r2, .L62+24
 379 0070 1378     		ldrb	r3, [r2]	@ zero_extendqisi2
 380 0072 B3FA83F3 		clz	r3, r3
 381 0076 5B09     		lsrs	r3, r3, #5
  70:Core/Src/main.c ****                     if (all_on) {
 382              		.loc 1 70 28 view .LVU83
 383 0078 1370     		strb	r3, [r2]
  71:Core/Src/main.c ****                         GPIOB->BSRR = LED1_ON | LED2_ON | LED3_ON;
 384              		.loc 1 71 21 is_stmt 1 view .LVU84
  71:Core/Src/main.c ****                         GPIOB->BSRR = LED1_ON | LED2_ON | LED3_ON;
 385              		.loc 1 71 24 is_stmt 0 view .LVU85
 386 007a 7BB1     		cbz	r3, .L34
  72:Core/Src/main.c ****                         // Êõ¥Êñ∞‰∫ÆÂ∫¶Êï∞ÁªÑ - ÂÖ®ÈÉ®ÁÇπ‰∫Æ
 387              		.loc 1 72 25 is_stmt 1 view .LVU86
  72:Core/Src/main.c ****                         // Êõ¥Êñ∞‰∫ÆÂ∫¶Êï∞ÁªÑ - ÂÖ®ÈÉ®ÁÇπ‰∫Æ
 388              		.loc 1 72 37 is_stmt 0 view .LVU87
 389 007c 634B     		ldr	r3, .L62
 390 007e 44F28102 		movw	r2, #16513
 391 0082 9A61     		str	r2, [r3, #24]
  74:Core/Src/main.c ****                             led_brightness[i] = 1;
 392              		.loc 1 74 25 is_stmt 1 view .LVU88
 393              	.LBB9:
  74:Core/Src/main.c ****                             led_brightness[i] = 1;
 394              		.loc 1 74 29 view .LVU89
 395              	.LVL24:
  74:Core/Src/main.c ****                             led_brightness[i] = 1;
 396              		.loc 1 74 33 is_stmt 0 view .LVU90
 397 0084 0023     		movs	r3, #0
  74:Core/Src/main.c ****                             led_brightness[i] = 1;
 398              		.loc 1 74 25 view .LVU91
 399 0086 03E0     		b	.L35
 400              	.LVL25:
 401              	.L36:
  75:Core/Src/main.c ****                         }
 402              		.loc 1 75 29 is_stmt 1 view .LVU92
  75:Core/Src/main.c ****                         }
 403              		.loc 1 75 47 is_stmt 0 view .LVU93
ARM GAS  C:\Users\dzhao\AppData\Local\Temp\ccwZ5stu.s 			page 12


 404 0088 674A     		ldr	r2, .L62+28
 405 008a 0121     		movs	r1, #1
 406 008c D154     		strb	r1, [r2, r3]
  74:Core/Src/main.c ****                             led_brightness[i] = 1;
 407              		.loc 1 74 48 is_stmt 1 discriminator 3 view .LVU94
 408 008e 0B44     		add	r3, r3, r1
 409              	.LVL26:
 410              	.L35:
  74:Core/Src/main.c ****                             led_brightness[i] = 1;
 411              		.loc 1 74 42 discriminator 1 view .LVU95
 412 0090 022B     		cmp	r3, #2
 413 0092 F9DD     		ble	.L36
 414              	.LVL27:
 415              	.L37:
  74:Core/Src/main.c ****                             led_brightness[i] = 1;
 416              		.loc 1 74 42 is_stmt 0 discriminator 1 view .LVU96
 417              	.LBE9:
  84:Core/Src/main.c ****                 }
 418              		.loc 1 84 21 is_stmt 1 view .LVU97
  84:Core/Src/main.c ****                 }
 419              		.loc 1 84 30 is_stmt 0 view .LVU98
 420 0094 624B     		ldr	r3, .L62+20
 421 0096 0222     		movs	r2, #2
 422 0098 1A70     		strb	r2, [r3]
 423 009a AFE0     		b	.L32
 424              	.L34:
  78:Core/Src/main.c ****                         // Êõ¥Êñ∞‰∫ÆÂ∫¶Êï∞ÁªÑ - ÂÖ®ÈÉ®ÁÜÑÁÅ≠
 425              		.loc 1 78 25 is_stmt 1 view .LVU99
  78:Core/Src/main.c ****                         // Êõ¥Êñ∞‰∫ÆÂ∫¶Êï∞ÁªÑ - ÂÖ®ÈÉ®ÁÜÑÁÅ≠
 426              		.loc 1 78 37 is_stmt 0 view .LVU100
 427 009c 5B4B     		ldr	r3, .L62
 428 009e 5C4A     		ldr	r2, .L62+4
 429 00a0 9A61     		str	r2, [r3, #24]
  80:Core/Src/main.c ****                             led_brightness[i] = 0;
 430              		.loc 1 80 25 is_stmt 1 view .LVU101
 431              	.LBB10:
  80:Core/Src/main.c ****                             led_brightness[i] = 0;
 432              		.loc 1 80 29 view .LVU102
 433              	.LVL28:
  80:Core/Src/main.c ****                             led_brightness[i] = 0;
 434              		.loc 1 80 33 is_stmt 0 view .LVU103
 435 00a2 0023     		movs	r3, #0
  80:Core/Src/main.c ****                             led_brightness[i] = 0;
 436              		.loc 1 80 25 view .LVU104
 437 00a4 03E0     		b	.L38
 438              	.LVL29:
 439              	.L39:
  81:Core/Src/main.c ****                         }
 440              		.loc 1 81 29 is_stmt 1 view .LVU105
  81:Core/Src/main.c ****                         }
 441              		.loc 1 81 47 is_stmt 0 view .LVU106
 442 00a6 604A     		ldr	r2, .L62+28
 443 00a8 0021     		movs	r1, #0
 444 00aa D154     		strb	r1, [r2, r3]
  80:Core/Src/main.c ****                             led_brightness[i] = 0;
 445              		.loc 1 80 48 is_stmt 1 discriminator 3 view .LVU107
 446 00ac 0133     		adds	r3, r3, #1
ARM GAS  C:\Users\dzhao\AppData\Local\Temp\ccwZ5stu.s 			page 13


 447              	.LVL30:
 448              	.L38:
  80:Core/Src/main.c ****                             led_brightness[i] = 0;
 449              		.loc 1 80 42 discriminator 1 view .LVU108
 450 00ae 022B     		cmp	r3, #2
 451 00b0 F9DD     		ble	.L39
 452 00b2 EFE7     		b	.L37
 453              	.LVL31:
 454              	.L53:
  80:Core/Src/main.c ****                             led_brightness[i] = 0;
 455              		.loc 1 80 42 is_stmt 0 discriminator 1 view .LVU109
 456              	.LBE10:
 457              	.LBE8:
  91:Core/Src/main.c ****         }
 458              		.loc 1 91 29 view .LVU110
 459 00b4 0025     		movs	r5, #0
 460              	.LVL32:
 461              	.L30:
  95:Core/Src/main.c ****             if (!button2_pressed) {
 462              		.loc 1 95 9 is_stmt 1 view .LVU111
  95:Core/Src/main.c ****             if (!button2_pressed) {
 463              		.loc 1 95 20 is_stmt 0 view .LVU112
 464 00b6 5D4B     		ldr	r3, .L62+32
 465 00b8 1B69     		ldr	r3, [r3, #16]
  95:Core/Src/main.c ****             if (!button2_pressed) {
 466              		.loc 1 95 12 view .LVU113
 467 00ba 13F0400F 		tst	r3, #64
 468 00be 50D1     		bne	.L54
  96:Core/Src/main.c ****                 button2_pressed = 1;
 469              		.loc 1 96 13 is_stmt 1 view .LVU114
  96:Core/Src/main.c ****                 button2_pressed = 1;
 470              		.loc 1 96 16 is_stmt 0 view .LVU115
 471 00c0 002C     		cmp	r4, #0
 472 00c2 4FD1     		bne	.L40
  97:Core/Src/main.c ****                 button2_press_count++;  // Â¢ûÂä†ÊåâÈîÆÊåâ‰∏ãËÆ°Êï∞
 473              		.loc 1 97 17 is_stmt 1 view .LVU116
 474              	.LVL33:
  98:Core/Src/main.c ****                 
 475              		.loc 1 98 17 view .LVU117
  98:Core/Src/main.c ****                 
 476              		.loc 1 98 36 is_stmt 0 view .LVU118
 477 00c4 5A4A     		ldr	r2, .L62+36
 478 00c6 1368     		ldr	r3, [r2]
 479 00c8 0133     		adds	r3, r3, #1
 480 00ca 1360     		str	r3, [r2]
 101:Core/Src/main.c ****                 current_led = 0;  // ÈáçÁΩÆÂà∞Á¨¨‰∏Ä‰∏™LED
 481              		.loc 1 101 17 is_stmt 1 view .LVU119
 101:Core/Src/main.c ****                 current_led = 0;  // ÈáçÁΩÆÂà∞Á¨¨‰∏Ä‰∏™LED
 482              		.loc 1 101 45 is_stmt 0 view .LVU120
 483 00cc 5249     		ldr	r1, .L62+12
 484 00ce 0B78     		ldrb	r3, [r1]	@ zero_extendqisi2
 485 00d0 DBB2     		uxtb	r3, r3
 486 00d2 584A     		ldr	r2, .L62+40
 487 00d4 A2FB0302 		umull	r0, r2, r2, r3
 488 00d8 02F0FE00 		and	r0, r2, #254
 489 00dc 00EB5202 		add	r2, r0, r2, lsr #1
 490 00e0 9B1A     		subs	r3, r3, r2
ARM GAS  C:\Users\dzhao\AppData\Local\Temp\ccwZ5stu.s 			page 14


 491 00e2 0133     		adds	r3, r3, #1
 492 00e4 DBB2     		uxtb	r3, r3
 101:Core/Src/main.c ****                 current_led = 0;  // ÈáçÁΩÆÂà∞Á¨¨‰∏Ä‰∏™LED
 493              		.loc 1 101 27 view .LVU121
 494 00e6 0B70     		strb	r3, [r1]
 102:Core/Src/main.c ****                 led_initialized = 0;  // ÈáçÁΩÆÂàùÂßãÂåñÊ†áÂøó
 495              		.loc 1 102 17 is_stmt 1 view .LVU122
 102:Core/Src/main.c ****                 led_initialized = 0;  // ÈáçÁΩÆÂàùÂßãÂåñÊ†áÂøó
 496              		.loc 1 102 29 is_stmt 0 view .LVU123
 497 00e8 0023     		movs	r3, #0
 498 00ea 4A4A     		ldr	r2, .L62+8
 499 00ec 1370     		strb	r3, [r2]
 103:Core/Src/main.c ****                 
 500              		.loc 1 103 17 is_stmt 1 view .LVU124
 103:Core/Src/main.c ****                 
 501              		.loc 1 103 33 is_stmt 0 view .LVU125
 502 00ee 524A     		ldr	r2, .L62+44
 503 00f0 1370     		strb	r3, [r2]
 106:Core/Src/main.c ****                 else if (led_count == 2) led_mode = 1;
 504              		.loc 1 106 17 is_stmt 1 view .LVU126
 106:Core/Src/main.c ****                 else if (led_count == 2) led_mode = 1;
 505              		.loc 1 106 31 is_stmt 0 view .LVU127
 506 00f2 0B78     		ldrb	r3, [r1]	@ zero_extendqisi2
 507 00f4 DBB2     		uxtb	r3, r3
 106:Core/Src/main.c ****                 else if (led_count == 2) led_mode = 1;
 508              		.loc 1 106 20 view .LVU128
 509 00f6 012B     		cmp	r3, #1
 510 00f8 0DD0     		beq	.L56
 107:Core/Src/main.c ****                 else if (led_count == 3) led_mode = 2;
 511              		.loc 1 107 22 is_stmt 1 view .LVU129
 107:Core/Src/main.c ****                 else if (led_count == 3) led_mode = 2;
 512              		.loc 1 107 36 is_stmt 0 view .LVU130
 513 00fa 474B     		ldr	r3, .L62+12
 514 00fc 1B78     		ldrb	r3, [r3]	@ zero_extendqisi2
 515 00fe DBB2     		uxtb	r3, r3
 107:Core/Src/main.c ****                 else if (led_count == 3) led_mode = 2;
 516              		.loc 1 107 25 view .LVU131
 517 0100 022B     		cmp	r3, #2
 518 0102 15D0     		beq	.L57
 108:Core/Src/main.c ****                 
 519              		.loc 1 108 22 is_stmt 1 view .LVU132
 108:Core/Src/main.c ****                 
 520              		.loc 1 108 36 is_stmt 0 view .LVU133
 521 0104 444B     		ldr	r3, .L62+12
 522 0106 1B78     		ldrb	r3, [r3]	@ zero_extendqisi2
 523 0108 DBB2     		uxtb	r3, r3
 108:Core/Src/main.c ****                 
 524              		.loc 1 108 25 view .LVU134
 525 010a 032B     		cmp	r3, #3
 526 010c 06D1     		bne	.L42
 108:Core/Src/main.c ****                 
 527              		.loc 1 108 42 is_stmt 1 discriminator 1 view .LVU135
 108:Core/Src/main.c ****                 
 528              		.loc 1 108 51 is_stmt 0 discriminator 1 view .LVU136
 529 010e 444B     		ldr	r3, .L62+20
 530 0110 0222     		movs	r2, #2
 531 0112 1A70     		strb	r2, [r3]
ARM GAS  C:\Users\dzhao\AppData\Local\Temp\ccwZ5stu.s 			page 15


 532 0114 02E0     		b	.L42
 533              	.L56:
 106:Core/Src/main.c ****                 else if (led_count == 2) led_mode = 1;
 534              		.loc 1 106 37 is_stmt 1 discriminator 1 view .LVU137
 106:Core/Src/main.c ****                 else if (led_count == 2) led_mode = 1;
 535              		.loc 1 106 46 is_stmt 0 discriminator 1 view .LVU138
 536 0116 424B     		ldr	r3, .L62+20
 537 0118 0022     		movs	r2, #0
 538 011a 1A70     		strb	r2, [r3]
 539              	.L42:
 111:Core/Src/main.c ****                     // ‰∏âÁÅØÊ®°ÂºèÔºöÂàùÂßãÁä∂ÊÄÅ‰∏∫ÂÖ®ÁÅ≠
 540              		.loc 1 111 17 is_stmt 1 view .LVU139
 111:Core/Src/main.c ****                     // ‰∏âÁÅØÊ®°ÂºèÔºöÂàùÂßãÁä∂ÊÄÅ‰∏∫ÂÖ®ÁÅ≠
 541              		.loc 1 111 31 is_stmt 0 view .LVU140
 542 011c 3E4B     		ldr	r3, .L62+12
 543 011e 1B78     		ldrb	r3, [r3]	@ zero_extendqisi2
 544 0120 DBB2     		uxtb	r3, r3
 111:Core/Src/main.c ****                     // ‰∏âÁÅØÊ®°ÂºèÔºöÂàùÂßãÁä∂ÊÄÅ‰∏∫ÂÖ®ÁÅ≠
 545              		.loc 1 111 20 view .LVU141
 546 0122 032B     		cmp	r3, #3
 547 0124 08D0     		beq	.L58
 120:Core/Src/main.c ****                     // Êõ¥Êñ∞‰∫ÆÂ∫¶Êï∞ÁªÑ
 548              		.loc 1 120 21 is_stmt 1 view .LVU142
 120:Core/Src/main.c ****                     // Êõ¥Êñ∞‰∫ÆÂ∫¶Êï∞ÁªÑ
 549              		.loc 1 120 33 is_stmt 0 view .LVU143
 550 0126 394B     		ldr	r3, .L62
 551 0128 394A     		ldr	r2, .L62+4
 552 012a 9A61     		str	r2, [r3, #24]
 122:Core/Src/main.c ****                         led_brightness[i] = 0;
 553              		.loc 1 122 21 is_stmt 1 view .LVU144
 554              	.LBB11:
 122:Core/Src/main.c ****                         led_brightness[i] = 0;
 555              		.loc 1 122 25 view .LVU145
 556              	.LVL34:
 122:Core/Src/main.c ****                         led_brightness[i] = 0;
 557              		.loc 1 122 29 is_stmt 0 view .LVU146
 558 012c 0023     		movs	r3, #0
 122:Core/Src/main.c ****                         led_brightness[i] = 0;
 559              		.loc 1 122 21 view .LVU147
 560 012e 14E0     		b	.L47
 561              	.LVL35:
 562              	.L57:
 122:Core/Src/main.c ****                         led_brightness[i] = 0;
 563              		.loc 1 122 21 view .LVU148
 564              	.LBE11:
 107:Core/Src/main.c ****                 else if (led_count == 3) led_mode = 2;
 565              		.loc 1 107 42 is_stmt 1 discriminator 1 view .LVU149
 107:Core/Src/main.c ****                 else if (led_count == 3) led_mode = 2;
 566              		.loc 1 107 51 is_stmt 0 discriminator 1 view .LVU150
 567 0130 3B4B     		ldr	r3, .L62+20
 568 0132 0122     		movs	r2, #1
 569 0134 1A70     		strb	r2, [r3]
 570 0136 F1E7     		b	.L42
 571              	.L58:
 113:Core/Src/main.c ****                     // Êõ¥Êñ∞‰∫ÆÂ∫¶Êï∞ÁªÑ
 572              		.loc 1 113 21 is_stmt 1 view .LVU151
 113:Core/Src/main.c ****                     // Êõ¥Êñ∞‰∫ÆÂ∫¶Êï∞ÁªÑ
ARM GAS  C:\Users\dzhao\AppData\Local\Temp\ccwZ5stu.s 			page 16


 573              		.loc 1 113 33 is_stmt 0 view .LVU152
 574 0138 344B     		ldr	r3, .L62
 575 013a 354A     		ldr	r2, .L62+4
 576 013c 9A61     		str	r2, [r3, #24]
 115:Core/Src/main.c ****                         led_brightness[i] = 0;
 577              		.loc 1 115 21 is_stmt 1 view .LVU153
 578              	.LBB12:
 115:Core/Src/main.c ****                         led_brightness[i] = 0;
 579              		.loc 1 115 25 view .LVU154
 580              	.LVL36:
 115:Core/Src/main.c ****                         led_brightness[i] = 0;
 581              		.loc 1 115 29 is_stmt 0 view .LVU155
 582 013e 0023     		movs	r3, #0
 115:Core/Src/main.c ****                         led_brightness[i] = 0;
 583              		.loc 1 115 21 view .LVU156
 584 0140 03E0     		b	.L45
 585              	.LVL37:
 586              	.L46:
 116:Core/Src/main.c ****                     }
 587              		.loc 1 116 25 is_stmt 1 view .LVU157
 116:Core/Src/main.c ****                     }
 588              		.loc 1 116 43 is_stmt 0 view .LVU158
 589 0142 394A     		ldr	r2, .L62+28
 590 0144 0021     		movs	r1, #0
 591 0146 D154     		strb	r1, [r2, r3]
 115:Core/Src/main.c ****                         led_brightness[i] = 0;
 592              		.loc 1 115 44 is_stmt 1 discriminator 3 view .LVU159
 593 0148 0133     		adds	r3, r3, #1
 594              	.LVL38:
 595              	.L45:
 115:Core/Src/main.c ****                         led_brightness[i] = 0;
 596              		.loc 1 115 38 discriminator 1 view .LVU160
 597 014a 022B     		cmp	r3, #2
 598 014c F9DD     		ble	.L46
 599              	.LBE12:
  97:Core/Src/main.c ****                 button2_press_count++;  // Â¢ûÂä†ÊåâÈîÆÊåâ‰∏ãËÆ°Êï∞
 600              		.loc 1 97 33 is_stmt 0 view .LVU161
 601 014e 0124     		movs	r4, #1
 602 0150 08E0     		b	.L40
 603              	.LVL39:
 604              	.L48:
 605              	.LBB13:
 123:Core/Src/main.c ****                     }
 606              		.loc 1 123 25 is_stmt 1 view .LVU162
 123:Core/Src/main.c ****                     }
 607              		.loc 1 123 43 is_stmt 0 view .LVU163
 608 0152 354A     		ldr	r2, .L62+28
 609 0154 0021     		movs	r1, #0
 610 0156 D154     		strb	r1, [r2, r3]
 122:Core/Src/main.c ****                         led_brightness[i] = 0;
 611              		.loc 1 122 44 is_stmt 1 discriminator 3 view .LVU164
 612 0158 0133     		adds	r3, r3, #1
 613              	.LVL40:
 614              	.L47:
 122:Core/Src/main.c ****                         led_brightness[i] = 0;
 615              		.loc 1 122 38 discriminator 1 view .LVU165
 616 015a 022B     		cmp	r3, #2
ARM GAS  C:\Users\dzhao\AppData\Local\Temp\ccwZ5stu.s 			page 17


 617 015c F9DD     		ble	.L48
 618              	.LBE13:
  97:Core/Src/main.c ****                 button2_press_count++;  // Â¢ûÂä†ÊåâÈîÆÊåâ‰∏ãËÆ°Êï∞
 619              		.loc 1 97 33 is_stmt 0 view .LVU166
 620 015e 0124     		movs	r4, #1
 621              	.LBB14:
 622 0160 00E0     		b	.L40
 623              	.LVL41:
 624              	.L54:
  97:Core/Src/main.c ****                 button2_press_count++;  // Â¢ûÂä†ÊåâÈîÆÊåâ‰∏ãËÆ°Êï∞
 625              		.loc 1 97 33 view .LVU167
 626              	.LBE14:
 128:Core/Src/main.c ****         }
 627              		.loc 1 128 29 view .LVU168
 628 0162 0024     		movs	r4, #0
 629              	.LVL42:
 630              	.L40:
 132:Core/Src/main.c ****             // ‰øùÊåÅÊâÄÊúâLEDÁÜÑÁÅ≠Áä∂ÊÄÅÔºåÁ≠âÂæÖPC13ÊåâÈîÆÊåâ‰∏ã
 631              		.loc 1 132 9 is_stmt 1 view .LVU169
 132:Core/Src/main.c ****             // ‰øùÊåÅÊâÄÊúâLEDÁÜÑÁÅ≠Áä∂ÊÄÅÔºåÁ≠âÂæÖPC13ÊåâÈîÆÊåâ‰∏ã
 632              		.loc 1 132 23 is_stmt 0 view .LVU170
 633 0164 2C4B     		ldr	r3, .L62+12
 634 0166 1B78     		ldrb	r3, [r3]	@ zero_extendqisi2
 635 0168 DBB2     		uxtb	r3, r3
 132:Core/Src/main.c ****             // ‰øùÊåÅÊâÄÊúâLEDÁÜÑÁÅ≠Áä∂ÊÄÅÔºåÁ≠âÂæÖPC13ÊåâÈîÆÊåâ‰∏ã
 636              		.loc 1 132 12 view .LVU171
 637 016a 022B     		cmp	r3, #2
 638 016c 10D1     		bne	.L49
 132:Core/Src/main.c ****             // ‰øùÊåÅÊâÄÊúâLEDÁÜÑÁÅ≠Áä∂ÊÄÅÔºåÁ≠âÂæÖPC13ÊåâÈîÆÊåâ‰∏ã
 639              		.loc 1 132 31 discriminator 1 view .LVU172
 640 016e 324B     		ldr	r3, .L62+44
 641 0170 1B78     		ldrb	r3, [r3]	@ zero_extendqisi2
 132:Core/Src/main.c ****             // ‰øùÊåÅÊâÄÊúâLEDÁÜÑÁÅ≠Áä∂ÊÄÅÔºåÁ≠âÂæÖPC13ÊåâÈîÆÊåâ‰∏ã
 642              		.loc 1 132 28 discriminator 1 view .LVU173
 643 0172 6BB9     		cbnz	r3, .L49
 134:Core/Src/main.c ****             // Êõ¥Êñ∞‰∫ÆÂ∫¶Êï∞ÁªÑ
 644              		.loc 1 134 13 is_stmt 1 view .LVU174
 134:Core/Src/main.c ****             // Êõ¥Êñ∞‰∫ÆÂ∫¶Êï∞ÁªÑ
 645              		.loc 1 134 25 is_stmt 0 view .LVU175
 646 0174 03F18043 		add	r3, r3, #1073741824
 647 0178 03F50133 		add	r3, r3, #132096
 648 017c 244A     		ldr	r2, .L62+4
 649 017e 9A61     		str	r2, [r3, #24]
 136:Core/Src/main.c ****                 led_brightness[i] = 0;
 650              		.loc 1 136 13 is_stmt 1 view .LVU176
 651              	.LBB15:
 136:Core/Src/main.c ****                 led_brightness[i] = 0;
 652              		.loc 1 136 17 view .LVU177
 653              	.LVL43:
 136:Core/Src/main.c ****                 led_brightness[i] = 0;
 654              		.loc 1 136 21 is_stmt 0 view .LVU178
 655 0180 0023     		movs	r3, #0
 136:Core/Src/main.c ****                 led_brightness[i] = 0;
 656              		.loc 1 136 13 view .LVU179
 657 0182 03E0     		b	.L50
 658              	.LVL44:
 659              	.L51:
ARM GAS  C:\Users\dzhao\AppData\Local\Temp\ccwZ5stu.s 			page 18


 137:Core/Src/main.c ****             }
 660              		.loc 1 137 17 is_stmt 1 view .LVU180
 137:Core/Src/main.c ****             }
 661              		.loc 1 137 35 is_stmt 0 view .LVU181
 662 0184 284A     		ldr	r2, .L62+28
 663 0186 0021     		movs	r1, #0
 664 0188 D154     		strb	r1, [r2, r3]
 136:Core/Src/main.c ****                 led_brightness[i] = 0;
 665              		.loc 1 136 36 is_stmt 1 discriminator 3 view .LVU182
 666 018a 0133     		adds	r3, r3, #1
 667              	.LVL45:
 668              	.L50:
 136:Core/Src/main.c ****                 led_brightness[i] = 0;
 669              		.loc 1 136 30 discriminator 1 view .LVU183
 670 018c 022B     		cmp	r3, #2
 671 018e F9DD     		ble	.L51
 672              	.LVL46:
 673              	.L49:
 136:Core/Src/main.c ****                 led_brightness[i] = 0;
 674              		.loc 1 136 30 is_stmt 0 discriminator 1 view .LVU184
 675              	.LBE15:
 141:Core/Src/main.c ****         delay(100000);   // ÂéªÊäñÂª∂Êó∂
 676              		.loc 1 141 9 is_stmt 1 view .LVU185
 141:Core/Src/main.c ****         delay(100000);   // ÂéªÊäñÂª∂Êó∂
 677              		.loc 1 141 21 is_stmt 0 view .LVU186
 678 0190 2A4A     		ldr	r2, .L62+48
 679 0192 1368     		ldr	r3, [r2]
 680 0194 0133     		adds	r3, r3, #1
 681 0196 1360     		str	r3, [r2]
 142:Core/Src/main.c ****     }
 682              		.loc 1 142 9 is_stmt 1 view .LVU187
 683 0198 2948     		ldr	r0, .L62+52
 684 019a FFF7FEFF 		bl	delay
 685              	.LVL47:
  42:Core/Src/main.c ****         // Êõ¥Êñ∞ÊåâÈîÆÁä∂ÊÄÅÁî®‰∫éËßÇÂØü
 686              		.loc 1 42 11 view .LVU188
 687              	.L52:
  42:Core/Src/main.c ****         // Êõ¥Êñ∞ÊåâÈîÆÁä∂ÊÄÅÁî®‰∫éËßÇÂØü
 688              		.loc 1 42 5 view .LVU189
  44:Core/Src/main.c ****         button2_state = (GPIOC->IDR & GPIO_IDR_ID6) ? 0 : 1;  // ÂÜÖÈÉ®‰∏äÊãâÔºåÊåâ‰∏ã‰∏∫‰ΩéÁîµÂπ≥
 689              		.loc 1 44 9 view .LVU190
  44:Core/Src/main.c ****         button2_state = (GPIOC->IDR & GPIO_IDR_ID6) ? 0 : 1;  // ÂÜÖÈÉ®‰∏äÊãâÔºåÊåâ‰∏ã‰∏∫‰ΩéÁîµÂπ≥
 690              		.loc 1 44 31 is_stmt 0 view .LVU191
 691 019e 234B     		ldr	r3, .L62+32
 692 01a0 1A69     		ldr	r2, [r3, #16]
  44:Core/Src/main.c ****         button2_state = (GPIOC->IDR & GPIO_IDR_ID6) ? 0 : 1;  // ÂÜÖÈÉ®‰∏äÊãâÔºåÊåâ‰∏ã‰∏∫‰ΩéÁîµÂπ≥
 693              		.loc 1 44 58 view .LVU192
 694 01a2 C2F34032 		ubfx	r2, r2, #13, #1
  44:Core/Src/main.c ****         button2_state = (GPIOC->IDR & GPIO_IDR_ID6) ? 0 : 1;  // ÂÜÖÈÉ®‰∏äÊãâÔºåÊåâ‰∏ã‰∏∫‰ΩéÁîµÂπ≥
 695              		.loc 1 44 23 view .LVU193
 696 01a6 2749     		ldr	r1, .L62+56
 697 01a8 0A70     		strb	r2, [r1]
  45:Core/Src/main.c **** 
 698              		.loc 1 45 9 is_stmt 1 view .LVU194
  45:Core/Src/main.c **** 
 699              		.loc 1 45 31 is_stmt 0 view .LVU195
 700 01aa 1A69     		ldr	r2, [r3, #16]
ARM GAS  C:\Users\dzhao\AppData\Local\Temp\ccwZ5stu.s 			page 19


  45:Core/Src/main.c **** 
 701              		.loc 1 45 57 view .LVU196
 702 01ac 12F0400F 		tst	r2, #64
 703 01b0 0CBF     		ite	eq
 704 01b2 0121     		moveq	r1, #1
 705 01b4 0021     		movne	r1, #0
  45:Core/Src/main.c **** 
 706              		.loc 1 45 23 view .LVU197
 707 01b6 244A     		ldr	r2, .L62+60
 708 01b8 1170     		strb	r1, [r2]
  48:Core/Src/main.c ****             if (!button1_pressed) {
 709              		.loc 1 48 9 is_stmt 1 view .LVU198
  48:Core/Src/main.c ****             if (!button1_pressed) {
 710              		.loc 1 48 18 is_stmt 0 view .LVU199
 711 01ba 1B69     		ldr	r3, [r3, #16]
  48:Core/Src/main.c ****             if (!button1_pressed) {
 712              		.loc 1 48 12 view .LVU200
 713 01bc 13F4005F 		tst	r3, #8192
 714 01c0 3FF478AF 		beq	.L53
  49:Core/Src/main.c ****                 button1_pressed = 1;  // Ê†áËÆ∞ÊåâÈîÆ‰∏∫Êåâ‰∏ãÁä∂ÊÄÅ
 715              		.loc 1 49 13 is_stmt 1 view .LVU201
  49:Core/Src/main.c ****                 button1_pressed = 1;  // Ê†áËÆ∞ÊåâÈîÆ‰∏∫Êåâ‰∏ãÁä∂ÊÄÅ
 716              		.loc 1 49 16 is_stmt 0 view .LVU202
 717 01c4 002D     		cmp	r5, #0
 718 01c6 7FF476AF 		bne	.L30
  50:Core/Src/main.c ****                 button1_press_count++;  // Â¢ûÂä†ÊåâÈîÆÊåâ‰∏ãËÆ°Êï∞
 719              		.loc 1 50 17 is_stmt 1 view .LVU203
 720              	.LVL48:
  51:Core/Src/main.c ****                 
 721              		.loc 1 51 17 view .LVU204
  51:Core/Src/main.c ****                 
 722              		.loc 1 51 36 is_stmt 0 view .LVU205
 723 01ca 204A     		ldr	r2, .L62+64
 724 01cc 1368     		ldr	r3, [r2]
 725 01ce 0133     		adds	r3, r3, #1
 726 01d0 1360     		str	r3, [r2]
  54:Core/Src/main.c ****                 
 727              		.loc 1 54 17 is_stmt 1 view .LVU206
  54:Core/Src/main.c ****                 
 728              		.loc 1 54 33 is_stmt 0 view .LVU207
 729 01d2 194B     		ldr	r3, .L62+44
 730 01d4 0122     		movs	r2, #1
 731 01d6 1A70     		strb	r2, [r3]
  57:Core/Src/main.c ****                     // ÂçïÁÅØÊ®°ÂºèÔºö‰æùÊ¨°ÁÇπ‰∫Æ‰∏Ä‰∏™LED
 732              		.loc 1 57 17 is_stmt 1 view .LVU208
  57:Core/Src/main.c ****                     // ÂçïÁÅØÊ®°ÂºèÔºö‰æùÊ¨°ÁÇπ‰∫Æ‰∏Ä‰∏™LED
 733              		.loc 1 57 31 is_stmt 0 view .LVU209
 734 01d8 0F4B     		ldr	r3, .L62+12
 735 01da 1B78     		ldrb	r3, [r3]	@ zero_extendqisi2
 736 01dc DBB2     		uxtb	r3, r3
  57:Core/Src/main.c ****                     // ÂçïÁÅØÊ®°ÂºèÔºö‰æùÊ¨°ÁÇπ‰∫Æ‰∏Ä‰∏™LED
 737              		.loc 1 57 20 view .LVU210
 738 01de 9342     		cmp	r3, r2
 739 01e0 3FF41FAF 		beq	.L59
  62:Core/Src/main.c ****                     // ÂèåÁÅØÊ®°ÂºèÔºö‰æùÊ¨°ÁÇπ‰∫Æ‰∏§‰∏™LED
 740              		.loc 1 62 24 is_stmt 1 view .LVU211
  62:Core/Src/main.c ****                     // ÂèåÁÅØÊ®°ÂºèÔºö‰æùÊ¨°ÁÇπ‰∫Æ‰∏§‰∏™LED
ARM GAS  C:\Users\dzhao\AppData\Local\Temp\ccwZ5stu.s 			page 20


 741              		.loc 1 62 38 is_stmt 0 view .LVU212
 742 01e4 0C4B     		ldr	r3, .L62+12
 743 01e6 1B78     		ldrb	r3, [r3]	@ zero_extendqisi2
 744 01e8 DBB2     		uxtb	r3, r3
  62:Core/Src/main.c ****                     // ÂèåÁÅØÊ®°ÂºèÔºö‰æùÊ¨°ÁÇπ‰∫Æ‰∏§‰∏™LED
 745              		.loc 1 62 27 view .LVU213
 746 01ea 022B     		cmp	r3, #2
 747 01ec 3FF42CAF 		beq	.L60
  67:Core/Src/main.c ****                     // ‰∏âÁÅØÊ®°ÂºèÔºöÂàáÊç¢ÊâÄÊúâLEDÁöÑÂºÄÂÖ≥Áä∂ÊÄÅ
 748              		.loc 1 67 24 is_stmt 1 view .LVU214
  67:Core/Src/main.c ****                     // ‰∏âÁÅØÊ®°ÂºèÔºöÂàáÊç¢ÊâÄÊúâLEDÁöÑÂºÄÂÖ≥Áä∂ÊÄÅ
 749              		.loc 1 67 38 is_stmt 0 view .LVU215
 750 01f0 094B     		ldr	r3, .L62+12
 751 01f2 1B78     		ldrb	r3, [r3]	@ zero_extendqisi2
 752 01f4 DBB2     		uxtb	r3, r3
  67:Core/Src/main.c ****                     // ‰∏âÁÅØÊ®°ÂºèÔºöÂàáÊç¢ÊâÄÊúâLEDÁöÑÂºÄÂÖ≥Áä∂ÊÄÅ
 753              		.loc 1 67 27 view .LVU216
 754 01f6 032B     		cmp	r3, #3
 755 01f8 3FF439AF 		beq	.L61
 756              	.L32:
  88:Core/Src/main.c ****             }
 757              		.loc 1 88 17 is_stmt 1 view .LVU217
 758 01fc 054B     		ldr	r3, .L62+8
 759 01fe 1878     		ldrb	r0, [r3]	@ zero_extendqisi2
 760 0200 054B     		ldr	r3, .L62+12
 761 0202 1978     		ldrb	r1, [r3]	@ zero_extendqisi2
 762 0204 FFF7FEFF 		bl	update_led_brightness_array
 763              	.LVL49:
  50:Core/Src/main.c ****                 button1_press_count++;  // Â¢ûÂä†ÊåâÈîÆÊåâ‰∏ãËÆ°Êï∞
 764              		.loc 1 50 33 is_stmt 0 view .LVU218
 765 0208 0125     		movs	r5, #1
 766 020a 54E7     		b	.L30
 767              	.L63:
 768              		.align	2
 769              	.L62:
 770 020c 00040240 		.word	1073873920
 771 0210 00008140 		.word	1082195968
 772 0214 00000000 		.word	current_led
 773 0218 00000000 		.word	led_count
 774 021c 56555555 		.word	1431655766
 775 0220 00000000 		.word	led_mode
 776 0224 00000000 		.word	all_on.0
 777 0228 00000000 		.word	led_brightness
 778 022c 00080240 		.word	1073874944
 779 0230 00000000 		.word	button2_press_count
 780 0234 ABAAAAAA 		.word	-1431655765
 781 0238 00000000 		.word	led_initialized
 782 023c 00000000 		.word	system_ticks
 783 0240 A0860100 		.word	100000
 784 0244 00000000 		.word	button1_state
 785 0248 00000000 		.word	button2_state
 786 024c 00000000 		.word	button1_press_count
 787              		.cfi_endproc
 788              	.LFE131:
 790              		.section	.bss.all_on.0,"aw",%nobits
 793              	all_on.0:
 794 0000 00       		.space	1
ARM GAS  C:\Users\dzhao\AppData\Local\Temp\ccwZ5stu.s 			page 21


 795              		.global	led_off_states
 796              		.section	.rodata.led_off_states,"a"
 797              		.align	2
 800              	led_off_states:
 801 0000 00000040 		.word	1073741824
 802 0004 00008000 		.word	8388608
 803 0008 00000100 		.word	65536
 804              		.global	led_states
 805              		.section	.rodata.led_states,"a"
 806              		.align	2
 809              	led_states:
 810 0000 00400000 		.word	16384
 811 0004 80000000 		.word	128
 812 0008 01000000 		.word	1
 813              		.global	system_ticks
 814              		.section	.bss.system_ticks,"aw",%nobits
 815              		.align	2
 818              	system_ticks:
 819 0000 00000000 		.space	4
 820              		.global	led_brightness
 821              		.section	.bss.led_brightness,"aw",%nobits
 822              		.align	2
 825              	led_brightness:
 826 0000 000000   		.space	3
 827              		.global	button2_press_count
 828              		.section	.bss.button2_press_count,"aw",%nobits
 829              		.align	2
 832              	button2_press_count:
 833 0000 00000000 		.space	4
 834              		.global	button1_press_count
 835              		.section	.bss.button1_press_count,"aw",%nobits
 836              		.align	2
 839              	button1_press_count:
 840 0000 00000000 		.space	4
 841              		.global	led_mode
 842              		.section	.bss.led_mode,"aw",%nobits
 845              	led_mode:
 846 0000 00       		.space	1
 847              		.global	button2_state
 848              		.section	.bss.button2_state,"aw",%nobits
 851              	button2_state:
 852 0000 00       		.space	1
 853              		.global	button1_state
 854              		.section	.bss.button1_state,"aw",%nobits
 857              	button1_state:
 858 0000 00       		.space	1
 859              		.global	led_initialized
 860              		.section	.bss.led_initialized,"aw",%nobits
 863              	led_initialized:
 864 0000 00       		.space	1
 865              		.global	current_led
 866              		.section	.bss.current_led,"aw",%nobits
 869              	current_led:
 870 0000 00       		.space	1
 871              		.global	led_count
 872              		.section	.data.led_count,"aw"
 875              	led_count:
ARM GAS  C:\Users\dzhao\AppData\Local\Temp\ccwZ5stu.s 			page 22


 876 0000 01       		.byte	1
 877              		.text
 878              	.Letext0:
 879              		.file 2 "D:/tools/xpack-arm-none-eabi-gcc-13.2.1-1.1/arm-none-eabi/include/machine/_default_types.
 880              		.file 3 "D:/tools/xpack-arm-none-eabi-gcc-13.2.1-1.1/arm-none-eabi/include/sys/_stdint.h"
 881              		.file 4 "CMSIS/Devices/STM32F4xx/Inc/STM32F429xx/stm32f429xx.h"
 882              		.file 5 "Core/Inc/init.h"
ARM GAS  C:\Users\dzhao\AppData\Local\Temp\ccwZ5stu.s 			page 23


DEFINED SYMBOLS
                            *ABS*:00000000 main.c
C:\Users\dzhao\AppData\Local\Temp\ccwZ5stu.s:21     .text.delay:00000000 $t
C:\Users\dzhao\AppData\Local\Temp\ccwZ5stu.s:27     .text.delay:00000000 delay
C:\Users\dzhao\AppData\Local\Temp\ccwZ5stu.s:68     .text.delay:0000001c $d
C:\Users\dzhao\AppData\Local\Temp\ccwZ5stu.s:818    .bss.system_ticks:00000000 system_ticks
C:\Users\dzhao\AppData\Local\Temp\ccwZ5stu.s:73     .text.update_leds:00000000 $t
C:\Users\dzhao\AppData\Local\Temp\ccwZ5stu.s:79     .text.update_leds:00000000 update_leds
C:\Users\dzhao\AppData\Local\Temp\ccwZ5stu.s:161    .text.update_leds:00000048 $d
C:\Users\dzhao\AppData\Local\Temp\ccwZ5stu.s:863    .bss.led_initialized:00000000 led_initialized
C:\Users\dzhao\AppData\Local\Temp\ccwZ5stu.s:809    .rodata.led_states:00000000 led_states
C:\Users\dzhao\AppData\Local\Temp\ccwZ5stu.s:170    .text.update_led_brightness_array:00000000 $t
C:\Users\dzhao\AppData\Local\Temp\ccwZ5stu.s:176    .text.update_led_brightness_array:00000000 update_led_brightness_array
C:\Users\dzhao\AppData\Local\Temp\ccwZ5stu.s:270    .text.update_led_brightness_array:00000050 $d
C:\Users\dzhao\AppData\Local\Temp\ccwZ5stu.s:825    .bss.led_brightness:00000000 led_brightness
C:\Users\dzhao\AppData\Local\Temp\ccwZ5stu.s:278    .text.main:00000000 $t
C:\Users\dzhao\AppData\Local\Temp\ccwZ5stu.s:284    .text.main:00000000 main
C:\Users\dzhao\AppData\Local\Temp\ccwZ5stu.s:770    .text.main:0000020c $d
C:\Users\dzhao\AppData\Local\Temp\ccwZ5stu.s:869    .bss.current_led:00000000 current_led
C:\Users\dzhao\AppData\Local\Temp\ccwZ5stu.s:875    .data.led_count:00000000 led_count
C:\Users\dzhao\AppData\Local\Temp\ccwZ5stu.s:845    .bss.led_mode:00000000 led_mode
C:\Users\dzhao\AppData\Local\Temp\ccwZ5stu.s:793    .bss.all_on.0:00000000 all_on.0
C:\Users\dzhao\AppData\Local\Temp\ccwZ5stu.s:832    .bss.button2_press_count:00000000 button2_press_count
C:\Users\dzhao\AppData\Local\Temp\ccwZ5stu.s:857    .bss.button1_state:00000000 button1_state
C:\Users\dzhao\AppData\Local\Temp\ccwZ5stu.s:851    .bss.button2_state:00000000 button2_state
C:\Users\dzhao\AppData\Local\Temp\ccwZ5stu.s:839    .bss.button1_press_count:00000000 button1_press_count
C:\Users\dzhao\AppData\Local\Temp\ccwZ5stu.s:794    .bss.all_on.0:00000000 $d
C:\Users\dzhao\AppData\Local\Temp\ccwZ5stu.s:800    .rodata.led_off_states:00000000 led_off_states
C:\Users\dzhao\AppData\Local\Temp\ccwZ5stu.s:797    .rodata.led_off_states:00000000 $d
C:\Users\dzhao\AppData\Local\Temp\ccwZ5stu.s:806    .rodata.led_states:00000000 $d
C:\Users\dzhao\AppData\Local\Temp\ccwZ5stu.s:815    .bss.system_ticks:00000000 $d
C:\Users\dzhao\AppData\Local\Temp\ccwZ5stu.s:822    .bss.led_brightness:00000000 $d
C:\Users\dzhao\AppData\Local\Temp\ccwZ5stu.s:829    .bss.button2_press_count:00000000 $d
C:\Users\dzhao\AppData\Local\Temp\ccwZ5stu.s:836    .bss.button1_press_count:00000000 $d
C:\Users\dzhao\AppData\Local\Temp\ccwZ5stu.s:846    .bss.led_mode:00000000 $d
C:\Users\dzhao\AppData\Local\Temp\ccwZ5stu.s:852    .bss.button2_state:00000000 $d
C:\Users\dzhao\AppData\Local\Temp\ccwZ5stu.s:858    .bss.button1_state:00000000 $d
C:\Users\dzhao\AppData\Local\Temp\ccwZ5stu.s:864    .bss.led_initialized:00000000 $d
C:\Users\dzhao\AppData\Local\Temp\ccwZ5stu.s:870    .bss.current_led:00000000 $d

UNDEFINED SYMBOLS
GPIO_Ini_Self_Def
GPIO_Ini_CMSIS
